<?xml version="1.0" encoding="UTF-8"?>
<!-- Generated by org.testng.reporters.JUnitXMLReporter -->
<testsuite hostname="ralson.local" ignored="0" name="Validating User login" tests="1" failures="0" timestamp="06 Feb 2019 13:35:19 GMT" time="0.207" errors="0">
  <testcase name="@BeforeClass setUpClass" time="0.18" classname="cucumber.api.testng.AbstractTestNGCucumberTests">
    <failure type="cucumber.runtime.DuplicateStepDefinitionException" message="Duplicate step definitions in stepDefinations.stepDefination.initialize_the_browser_with_chrome() in file:/Users/hlulani/Downloads/PROJECTS/SELENIUM/E2EProjectCucumber/target/classes/ and stepDefinations.LogoutStepDefinations.initialize_the_browser_with_chrome() in file:/Users/hlulani/Downloads/PROJECTS/SELENIUM/E2EProjectCucumber/target/test-classes/">
      <![CDATA[cucumber.runtime.DuplicateStepDefinitionException: Duplicate step definitions in stepDefinations.stepDefination.initialize_the_browser_with_chrome() in file:/Users/hlulani/Downloads/PROJECTS/SELENIUM/E2EProjectCucumber/target/classes/ and stepDefinations.LogoutStepDefinations.initialize_the_browser_with_chrome() in file:/Users/hlulani/Downloads/PROJECTS/SELENIUM/E2EProjectCucumber/target/test-classes/
at cucumber.runtime.RuntimeGlue.addStepDefinition(RuntimeGlue.java:33)
at cucumber.runtime.java.JavaBackend.addStepDefinition(JavaBackend.java:151)
at cucumber.runtime.java.MethodScanner.scan(MethodScanner.java:68)
at cucumber.runtime.java.MethodScanner.scan(MethodScanner.java:41)
at cucumber.runtime.java.JavaBackend.loadGlue(JavaBackend.java:86)
at cucumber.runtime.Runtime.<init>(Runtime.java:92)
at cucumber.runtime.Runtime.<init>(Runtime.java:70)
at cucumber.runtime.Runtime.<init>(Runtime.java:66)
at cucumber.api.testng.TestNGCucumberRunner.<init>(TestNGCucumberRunner.java:42)
at cucumber.api.testng.AbstractTestNGCucumberTests.setUpClass(AbstractTestNGCucumberTests.java:16)
... Removed 26 stack frames]]>
    </failure>
  </testcase> <!-- @BeforeClass setUpClass -->
  <testcase name="@AfterClass tearDownClass" time="0.0" classname="cucumber.api.testng.AbstractTestNGCucumberTests">
    <failure type="java.lang.NullPointerException">
      <![CDATA[java.lang.NullPointerException
at cucumber.api.testng.AbstractTestNGCucumberTests.tearDownClass(AbstractTestNGCucumberTests.java:34)
... Removed 26 stack frames]]>
    </failure>
  </testcase> <!-- @AfterClass tearDownClass -->
  <testcase name="feature" time="0.0" classname="cucumber.api.testng.AbstractTestNGCucumberTests">
    <skipped/>
  </testcase> <!-- feature -->
</testsuite> <!-- Validating User login -->
