<?xml version="1.0" encoding="UTF-8"?>
<testng-results skipped="0" failed="0" total="1" passed="1">
  <reporter-output>
  </reporter-output>
  <suite name="Suite" duration-ms="35844" started-at="2019-02-06T13:51:48Z" finished-at="2019-02-06T13:52:24Z">
    <groups>
      <group name="cucumber">
        <method signature="AbstractTestNGCucumberTests.feature(cucumber.api.testng.CucumberFeatureWrapper)[pri:0, instance:cucumberOptions.TestRunner@4590c9c3]" name="feature" class="cucumber.api.testng.AbstractTestNGCucumberTests"/>
      </group> <!-- cucumber -->
    </groups>
    <test name="Validating User login" duration-ms="35844" started-at="2019-02-06T13:51:48Z" finished-at="2019-02-06T13:52:24Z">
      <class name="cucumberOptions.TestRunner">
        <test-method status="PASS" signature="setUpClass()[pri:0, instance:cucumberOptions.TestRunner@4590c9c3]" name="setUpClass" is-config="true" duration-ms="188" started-at="2019-02-06T15:51:48Z" finished-at="2019-02-06T15:51:48Z">
          <reporter-output>
          </reporter-output>
        </test-method> <!-- setUpClass -->
        <test-method status="PASS" signature="feature(cucumber.api.testng.CucumberFeatureWrapper)[pri:0, instance:cucumberOptions.TestRunner@4590c9c3]" name="feature" duration-ms="35584" started-at="2019-02-06T15:51:48Z" description="Runs Cucumber Feature" data-provider="features" finished-at="2019-02-06T15:52:24Z">
          <params>
            <param index="0">
              <value>
                <![CDATA[Login into Application]]>
              </value>
            </param>
          </params>
          <reporter-output>
          </reporter-output>
        </test-method> <!-- feature -->
        <test-method status="PASS" signature="tearDownClass()[pri:0, instance:cucumberOptions.TestRunner@4590c9c3]" name="tearDownClass" is-config="true" duration-ms="5" started-at="2019-02-06T15:52:24Z" finished-at="2019-02-06T15:52:24Z">
          <reporter-output>
          </reporter-output>
        </test-method> <!-- tearDownClass -->
      </class> <!-- cucumberOptions.TestRunner -->
    </test> <!-- Validating User login -->
  </suite> <!-- Suite -->
</testng-results>
